--------------------------------------------------------------------------------
      name:  <unnamed>
       log:  c:\users\sopher\box\ergodicity\it-reg-probb.log
  log type:  text
 opened on:  24 Mar 2020, 11:55:03

. xtreg choice i.h if  treat==1,fe

Fixed-effects (within) regression               Number of obs      =       819
Group variable: subject                         Number of groups   =        39

R-sq:  within  = 0.4838                         Obs per group: min =        21
       between =      .                                        avg =      21.0
       overall = 0.4636                                        max =        21

                                                F(6,774)           =    120.92
corr(u_i, Xb)  = 0.0000                         Prob > F           =    0.0000

------------------------------------------------------------------------------
      choice |      Coef.   Std. Err.      t    P>|t|     [95% Conf. Interval]
-------------+----------------------------------------------------------------
           h |
          2  |   .0470085   .0461233     1.02   0.308    -.0435331    .1375502
          3  |   .1111111   .0461233     2.41   0.016     .0205695    .2016528
          4  |    .491453   .0461233    10.66   0.000     .4009114    .5819946
          5  |   .7863248   .0461233    17.05   0.000     .6957831    .8768664
          6  |   .6452991   .0461233    13.99   0.000     .5547575    .7358408
          7  |   .8333333   .0461233    18.07   0.000     .7427917     .923875
             |
       _cons |   .0598291   .0326141     1.83   0.067    -.0041935    .1238517
-------------+----------------------------------------------------------------
     sigma_u |  .10116283
     sigma_e |  .35277561
         rho |  .07598435   (fraction of variance due to u_i)
------------------------------------------------------------------------------
F test that all u_i=0:     F(38, 774) =     1.73             Prob > F = 0.0047

. xtreg choice i.h if  treat==2,fe

Fixed-effects (within) regression               Number of obs      =       735
Group variable: subject                         Number of groups   =        35

R-sq:  within  = 0.1612                         Obs per group: min =        21
       between =      .                                        avg =      21.0
       overall = 0.1421                                        max =        21

                                                F(6,694)           =     22.22
corr(u_i, Xb)  = 0.0000                         Prob > F           =    0.0000

------------------------------------------------------------------------------
      choice |      Coef.   Std. Err.      t    P>|t|     [95% Conf. Interval]
-------------+----------------------------------------------------------------
           h |
          4  |   .2666667   .0570433     4.67   0.000     .1546686    .3786648
          5  |   .3190476   .0570433     5.59   0.000     .2070495    .4310457
          6  |   .3714286   .0570433     6.51   0.000     .2594305    .4834267
          7  |   .5142857   .0570433     9.02   0.000     .4022876    .6262838
          8  |   .5857143   .0570433    10.27   0.000     .4737162    .6977124
          9  |   .4095238   .0570433     7.18   0.000     .2975257    .5215219
             |
       _cons |   .2714286   .0403357     6.73   0.000      .192234    .3506232
-------------+----------------------------------------------------------------
     sigma_u |  .16269784
     sigma_e |  .41331782
         rho |  .13416266   (fraction of variance due to u_i)
------------------------------------------------------------------------------
F test that all u_i=0:     F(34, 694) =     3.25             Prob > F = 0.0000

. log close
      name:  <unnamed>
       log:  c:\users\sopher\box\ergodicity\it-reg-probb.log
  log type:  text
 closed on:  24 Mar 2020, 11:55:21
--------------------------------------------------------------------------------
